<?xml version="1.0" encoding="UTF-8"?>
<!-- Generated by org.testng.reporters.JUnitXMLReporter -->
<testsuite ignored="24" hostname="DESKTOP-PO3T4V3" failures="0" tests="27" name="API Regression Testing" time="12.184" errors="0" timestamp="2024-08-07T13:13:24 AMT">
  <testcase classname="com.testCases.SocketConnection.Iqsoft_TestClass_10_GetProductUrl" name="GetProductUrl_Success" time="0.046"/>
  <testcase classname="com.testCases.SocketConnection.Iqsoft_TestClass_11_SocketConnection" name="SocketConnectionSportsBook_ValidatePositiveResponse" time="0.002"/>
  <testcase classname="com.testCases.SocketConnection.Iqsoft_TestClass_12_Authorization" name="MessageAuthorized_ValidatePositiveResponse" time="0.016"/>
  <testcase classname="com.testCases.SocketConnection.Iqsoft_TestClass_15_Units" name="MessageUnits_ValidatePositiveResponse" time="0.002"/>
  <testcase classname="com.testCases.SocketConnection.Iqsoft_TestClass_13_GetBalance" name="MessageBalance_ValidatePositiveResponse" time="0.002"/>
  <testcase classname="com.testCases.SocketConnection.Iqsoft_TestClass_14_State" name="MessageState_ValidatePositiveResponse" time="0.003"/>
  <testcase classname="com.testCases.SocketConnection.Iqsoft_TestClass_16_GetDefaultBoards" name="MessageDefaultBoard_ValidatePositiveResponse" time="0.002"/>
  <testcase classname="com.testCases.SocketConnection.Iqsoft_TestClass_17_CreateBoard_Negative" name="MessageBetBeforeCreateBoard_NegativeBet_001" time="0.458"/>
  <testcase classname="com.testCases.SocketConnection.Iqsoft_TestClass_17_CreateBoard_Negative" name="MessageCashoutBeforeCreateBoard_NegativeBet_001" time="0.457"/>
  <testcase classname="com.testCases.SocketConnection.Iqsoft_TestClass_17_CreateBoard_Negative" name="MessageCreateBoard_NegativeMinesCount_002" time="0.282"/>
  <testcase classname="com.testCases.SocketConnection.Iqsoft_TestClass_17_CreateBoard_Negative" name="MessageCreateBoard_NegativeMinesCount_003" time="0.257"/>
  <testcase classname="com.testCases.SocketConnection.Iqsoft_TestClass_17_CreateBoard_Negative" name="MessageCreateBoard_NegativeMinesCount_004" time="0.238"/>
  <testcase classname="com.testCases.SocketConnection.Iqsoft_TestClass_17_CreateBoard_Negative" name="MessageCreateBoard_NegativeBalance_005" time="0.294"/>
  <testcase classname="com.testCases.SocketConnection.Iqsoft_TestClass_17_CreateBoard_Negative" name="MessageCreateBoard_NegativeBalance_006" time="0.29"/>
  <testcase classname="com.testCases.SocketConnection.Iqsoft_TestClass_17_CreateBoard_Negative" name="MessageCreateBoard_NegativeWidth_007" time="0.268"/>
  <testcase classname="com.testCases.SocketConnection.Iqsoft_TestClass_17_CreateBoard_Negative" name="MessageCreateBoard_NegativeWidth_008" time="0.603"/>
  <testcase classname="com.testCases.SocketConnection.Iqsoft_TestClass_17_CreateBoard_Negative" name="MessageCreateBoard_NegativeWidth_009" time="0.33"/>
  <testcase classname="com.testCases.SocketConnection.Iqsoft_TestClass_17_CreateBoard_Negative" name="MessageCreateBoard_NegativeBetType_011" time="0.403"/>
  <testcase classname="com.testCases.SocketConnection.Iqsoft_TestClass_17_CreateBoard_Negative" name="MessageCreateBoard_NegativeHeight_010" time="0.167"/>
  <testcase classname="com.testCases.SocketConnection.Iqsoft_TestClass_17_CreateBoard_Negative" name="MessageCreateBoard_NegativeSecondBoard_012" time="2.273"/>
  <testcase classname="com.testCases.SocketConnection.Iqsoft_TestClass_17_CreateBoard" name="MessageCreateBoard_ValidatePositiveResponse" time="0.002"/>
  <testcase classname="com.testCases.SocketConnection.Iqsoft_TestClass_18_Bet_Negative" name="MessageBet_Negative_001" time="0.355"/>
  <testcase classname="com.testCases.SocketConnection.Iqsoft_TestClass_18_Bet_Negative" name="MessageBet_Negative_003" time="1.606"/>
  <testcase classname="com.testCases.SocketConnection.Iqsoft_TestClass_18_Bet_Negative" name="MessageBet_ValidatePositiveResponse" time="0.001"/>
  <testcase classname="com.testCases.SocketConnection.Iqsoft_TestClass_18_Bet" name="MessageBet_ValidatePositiveResponse" time="0.002"/>
  <testcase classname="com.testCases.SocketConnection.Iqsoft_TestClass_19_CashOut" name="MessageCashout_ValidatePositiveResponse" time="0.001"/>
  <testcase classname="com.testCases.SocketConnection.Iqsoft_TestClass_20_TicketHistory" name="MessageCTicketHistory_ValidatePositiveResponse" time="0.002"/>
  <testcase classname="com.testCases.Iqsoft_001_BaseTest" name="@BeforeSuite setupBeforeAll" time="0.0">
    <ignored/>
  </testcase> <!-- @BeforeSuite setupBeforeAll -->
  <testcase classname="com.testCases.Iqsoft_001_BaseTest" name="@AfterSuite Finish" time="0.0">
    <ignored/>
  </testcase> <!-- @AfterSuite Finish -->
  <testcase classname="com.testCases.Iqsoft_001_BaseTest" name="@BeforeSuite setupBeforeAll" time="0.0">
    <ignored/>
  </testcase> <!-- @BeforeSuite setupBeforeAll -->
  <testcase classname="com.testCases.Iqsoft_001_BaseTest" name="@BeforeSuite setupBeforeAll" time="0.0">
    <ignored/>
  </testcase> <!-- @BeforeSuite setupBeforeAll -->
  <testcase classname="com.testCases.Iqsoft_001_BaseTest" name="@BeforeSuite setupBeforeAll" time="0.0">
    <ignored/>
  </testcase> <!-- @BeforeSuite setupBeforeAll -->
  <testcase classname="com.testCases.Iqsoft_001_BaseTest" name="@AfterSuite Finish" time="0.0">
    <ignored/>
  </testcase> <!-- @AfterSuite Finish -->
  <testcase classname="com.testCases.Iqsoft_001_BaseTest" name="@BeforeSuite setupBeforeAll" time="0.0">
    <ignored/>
  </testcase> <!-- @BeforeSuite setupBeforeAll -->
  <testcase classname="com.testCases.Iqsoft_001_BaseTest" name="@BeforeSuite setupBeforeAll" time="0.0">
    <ignored/>
  </testcase> <!-- @BeforeSuite setupBeforeAll -->
  <testcase classname="com.testCases.Iqsoft_001_BaseTest" name="@AfterSuite Finish" time="0.0">
    <ignored/>
  </testcase> <!-- @AfterSuite Finish -->
  <testcase classname="com.testCases.Iqsoft_001_BaseTest" name="@AfterSuite Finish" time="0.0">
    <ignored/>
  </testcase> <!-- @AfterSuite Finish -->
  <testcase classname="com.testCases.Iqsoft_001_BaseTest" name="@AfterSuite Finish" time="0.0">
    <ignored/>
  </testcase> <!-- @AfterSuite Finish -->
  <testcase classname="com.testCases.Iqsoft_001_BaseTest" name="@AfterSuite Finish" time="0.0">
    <ignored/>
  </testcase> <!-- @AfterSuite Finish -->
  <testcase classname="com.testCases.Iqsoft_001_BaseTest" name="@AfterSuite Finish" time="0.0">
    <ignored/>
  </testcase> <!-- @AfterSuite Finish -->
  <testcase classname="com.testCases.Iqsoft_001_BaseTest" name="@BeforeSuite setupBeforeAll" time="0.0">
    <ignored/>
  </testcase> <!-- @BeforeSuite setupBeforeAll -->
  <testcase classname="com.testCases.Iqsoft_001_BaseTest" name="@AfterSuite Finish" time="0.0">
    <ignored/>
  </testcase> <!-- @AfterSuite Finish -->
  <testcase classname="com.testCases.Iqsoft_001_BaseTest" name="@BeforeSuite setupBeforeAll" time="0.0">
    <ignored/>
  </testcase> <!-- @BeforeSuite setupBeforeAll -->
  <testcase classname="com.testCases.Iqsoft_001_BaseTest" name="@BeforeSuite setupBeforeAll" time="0.0">
    <ignored/>
  </testcase> <!-- @BeforeSuite setupBeforeAll -->
  <testcase classname="com.testCases.Iqsoft_001_BaseTest" name="@BeforeSuite setupBeforeAll" time="0.0">
    <ignored/>
  </testcase> <!-- @BeforeSuite setupBeforeAll -->
  <testcase classname="com.testCases.Iqsoft_001_BaseTest" name="@AfterSuite Finish" time="0.0">
    <ignored/>
  </testcase> <!-- @AfterSuite Finish -->
  <testcase classname="com.testCases.Iqsoft_001_BaseTest" name="@BeforeSuite setupBeforeAll" time="0.0">
    <ignored/>
  </testcase> <!-- @BeforeSuite setupBeforeAll -->
  <testcase classname="com.testCases.Iqsoft_001_BaseTest" name="@AfterSuite Finish" time="0.0">
    <ignored/>
  </testcase> <!-- @AfterSuite Finish -->
  <testcase classname="com.testCases.Iqsoft_001_BaseTest" name="@BeforeSuite setupBeforeAll" time="0.0">
    <ignored/>
  </testcase> <!-- @BeforeSuite setupBeforeAll -->
  <testcase classname="com.testCases.Iqsoft_001_BaseTest" name="@AfterSuite Finish" time="0.0">
    <ignored/>
  </testcase> <!-- @AfterSuite Finish -->
  <testcase classname="com.testCases.Iqsoft_001_BaseTest" name="@AfterSuite Finish" time="0.0">
    <ignored/>
  </testcase> <!-- @AfterSuite Finish -->
</testsuite> <!-- API Regression Testing -->
