<?xml version="1.0" encoding="UTF-8"?>
<testng-results ignored="0" total="0" passed="0" failed="0" skipped="0">
  <reporter-output>
  </reporter-output>
  <suite started-at="2024-07-17T19:59:01 AMT" name="Iqsoft API Regression Testing" finished-at="2024-07-17T19:59:01 AMT" duration-ms="57">
    <groups>
    </groups>
    <test started-at="2024-07-17T19:59:01 AMT" name="API Regression Testing" finished-at="2024-07-17T19:59:01 AMT" duration-ms="57">
    </test> <!-- API Regression Testing -->
  </suite> <!-- Iqsoft API Regression Testing -->
</testng-results>
