<?xml version="1.0" encoding="UTF-8"?>
<testsuite xmlns:xsi="http://www.w3.org/2001/XMLSchema-instance" xsi:noNamespaceSchemaLocation="https://maven.apache.org/surefire/maven-surefire-plugin/xsd/surefire-test-report.xsd" name="TestSuite" time="38.299" tests="27" errors="0" skipped="0" failures="0">
  <properties>
[...]
</properties>
  <testcase name="GetProductUrl_Success" classname="com.testCases.SocketConnection.Iqsoft_TestClass_10_GetProductUrl" time="0.169"/>
  <testcase name="SocketConnectionSportsBook_ValidatePositiveResponse" classname="com.testCases.SocketConnection.Iqsoft_TestClass_11_SocketConnection" time="0.004"/>
  <testcase name="MessageAuthorized_ValidatePositiveResponse" classname="com.testCases.SocketConnection.Iqsoft_TestClass_12_Authorization" time="0.02"/>
  <testcase name="MessageUnits_ValidatePositiveResponse" classname="com.testCases.SocketConnection.Iqsoft_TestClass_15_Units" time="0.004"/>
  <testcase name="MessageBalance_ValidatePositiveResponse" classname="com.testCases.SocketConnection.Iqsoft_TestClass_13_GetBalance" time="0"/>
  <testcase name="MessageState_ValidatePositiveResponse" classname="com.testCases.SocketConnection.Iqsoft_TestClass_14_State" time="0.005"/>
  <testcase name="MessageDefaultBoard_ValidatePositiveResponse" classname="com.testCases.SocketConnection.Iqsoft_TestClass_16_GetDefaultBoards" time="0.004"/>
  <testcase name="MessageBetBeforeCreateBoard_NegativeBet_001" classname="com.testCases.SocketConnection.Iqsoft_TestClass_17_CreateBoard_Negative" time="0.46"/>
  <testcase name="MessageCashoutBeforeCreateBoard_NegativeBet_001" classname="com.testCases.SocketConnection.Iqsoft_TestClass_17_CreateBoard_Negative" time="0.463"/>
  <testcase name="MessageCreateBoard_NegativeMinesCount_002" classname="com.testCases.SocketConnection.Iqsoft_TestClass_17_CreateBoard_Negative" time="0.279"/>
  <testcase name="MessageCreateBoard_NegativeMinesCount_003" classname="com.testCases.SocketConnection.Iqsoft_TestClass_17_CreateBoard_Negative" time="0.259"/>
  <testcase name="MessageCreateBoard_NegativeMinesCount_004" classname="com.testCases.SocketConnection.Iqsoft_TestClass_17_CreateBoard_Negative" time="0.242"/>
  <testcase name="MessageCreateBoard_NegativeBalance_005" classname="com.testCases.SocketConnection.Iqsoft_TestClass_17_CreateBoard_Negative" time="0.314"/>
  <testcase name="MessageCreateBoard_NegativeBalance_006" classname="com.testCases.SocketConnection.Iqsoft_TestClass_17_CreateBoard_Negative" time="0.286"/>
  <testcase name="MessageCreateBoard_NegativeWidth_007" classname="com.testCases.SocketConnection.Iqsoft_TestClass_17_CreateBoard_Negative" time="0.259"/>
  <testcase name="MessageCreateBoard_NegativeWidth_008" classname="com.testCases.SocketConnection.Iqsoft_TestClass_17_CreateBoard_Negative" time="0.62"/>
  <testcase name="MessageCreateBoard_NegativeWidth_009" classname="com.testCases.SocketConnection.Iqsoft_TestClass_17_CreateBoard_Negative" time="0.34"/>
  <testcase name="MessageCreateBoard_NegativeBetType_011" classname="com.testCases.SocketConnection.Iqsoft_TestClass_17_CreateBoard_Negative" time="0.403"/>
  <testcase name="MessageCreateBoard_NegativeHeight_010" classname="com.testCases.SocketConnection.Iqsoft_TestClass_17_CreateBoard_Negative" time="0.154"/>
  <testcase name="MessageCreateBoard_NegativeSecondBoard_012" classname="com.testCases.SocketConnection.Iqsoft_TestClass_17_CreateBoard_Negative" time="2.28"/>
  <testcase name="MessageCreateBoard_ValidatePositiveResponse" classname="com.testCases.SocketConnection.Iqsoft_TestClass_17_CreateBoard" time="0.003"/>
  <testcase name="MessageBet_Negative_001" classname="com.testCases.SocketConnection.Iqsoft_TestClass_18_Bet_Negative" time="0.361"/>
  <testcase name="MessageBet_Negative_003" classname="com.testCases.SocketConnection.Iqsoft_TestClass_18_Bet_Negative" time="1.605"/>
  <testcase name="MessageBet_ValidatePositiveResponse" classname="com.testCases.SocketConnection.Iqsoft_TestClass_18_Bet_Negative" time="0.003"/>
  <testcase name="MessageBet_ValidatePositiveResponse" classname="com.testCases.SocketConnection.Iqsoft_TestClass_18_Bet" time="0.003"/>
  <testcase name="MessageCashout_ValidatePositiveResponse" classname="com.testCases.SocketConnection.Iqsoft_TestClass_19_CashOut" time="0.002"/>
  <testcase name="MessageCTicketHistory_ValidatePositiveResponse" classname="com.testCases.SocketConnection.Iqsoft_TestClass_20_TicketHistory" time="0.003"/>
</testsuite>